<?xml version="1.0" encoding="utf-8"?>
<shfbBuild product="Sandcastle Help File Builder and Tools" version="2022.8.14.1" projectFile="E:\学习\凯默训练营\GitHub\擦粗\Area-Calculator2.0\Compiler Helper\Compiler Helper.shfbproj" started="2022/8/29 20:52:53">
<buildStep step="Initializing">
The Sandcastle tools are located in &#39;E:\学习\凯默训练营\Sandcastle2\SHFB&#39;
Locating components in the following folder(s):
    E:\学习\凯默训练营\GitHub\擦粗\Area-Calculator2.0\Compiler Helper
    C:\ProgramData\EWSoftware\Sandcastle Help File Builder\Components and Plug-Ins
    E:\学习\凯默训练营\Sandcastle2\SHFB\Components
Using framework reflection data for &#39;.NET Framework 4.7.2&#39; located in &#39;E:\学习\凯默训练营\Sandcastle2\SHFB\Data\.NETFramework&#39;
Using presentation style &#39;VS2013&#39; located in &#39;E:\学习\凯默训练营\Sandcastle2\SHFB\Components\VS2013&#39;
Searching for HTML Help 1 compiler...
Found HTML Help 1 compiler in &#39;C:\Program Files (x86)\HTML Help Workshop\&#39;
Loading and initializing plug-ins...
Lightweight Website Style Version 2022.8.14.1
Copyright &#169; 2006-2022, Eric Woodruff, All Rights Reserved
Portions Copyright &#169; 2014, Sam Harwell, All Rights Reserved
</buildStep>
<buildStep step="ValidatingDocumentationSources">
Validating and copying documentation source information
Source: E:\学习\凯默训练营\GitHub\擦粗\Area-Calculator2.0\Area CalculatorTests\Area CalculatorTests.csproj
    Found project &#39;E:\学习\凯默训练营\GitHub\擦粗\Area-Calculator2.0\Area CalculatorTests\Area CalculatorTests.csproj&#39;
Source: E:\学习\凯默训练营\GitHub\擦粗\Area-Calculator2.0\Area Calculator\Area Calculator.csproj
    Found project &#39;E:\学习\凯默训练营\GitHub\擦粗\Area-Calculator2.0\Area Calculator\Area Calculator.csproj&#39;

Parsing project files
    Found assembly &#39;E:\学习\凯默训练营\GitHub\擦粗\Area-Calculator2.0\Area CalculatorTests\bin\Debug\Area CalculatorTests.dll&#39; (.NETFramework 4.7.2)
    Found assembly &#39;E:\学习\凯默训练营\GitHub\擦粗\Area-Calculator2.0\Area Calculator\bin\Debug\Area Calculator.exe&#39; (.NETFramework 4.7.2)

References to include:
    Microsoft.VisualStudio.TestPlatform.TestFramework, Version=14.0.0.0, Culture=neutral, PublicKeyToken=b03f5f7f11d50a3a, processorArchitecture=MSIL
    Microsoft.VisualStudio.TestPlatform.TestFramework.Extensions, Version=14.0.0.0, Culture=neutral, PublicKeyToken=b03f5f7f11d50a3a, processorArchitecture=MSIL
SHFB: Warning BE0062: No documentation source XML comments files found.  The help file will not contain any member comments.
</buildStep>
<buildStep step="GenerateSharedContent">
Generating shared content files (en-US, 英语(美国))...
<plugIn name="Lightweight Website Style" behavior="After" priority="1000">
</plugIn>    Last step completed in 00:00:00.0577
</buildStep>
<buildStep step="GenerateApiFilter">
Generating API filter for MRefBuilder...
    Last step completed in 00:00:00.0010
</buildStep>
<buildStep step="GenerateReflectionInfo">
Generating reflection information...
[E:\Microsoft Visual Studio\2022\Community\MSBuild\Current\Bin\amd64\MSBuild.exe - GenerateRefInfo-14e423a1-7af8-4b18-b01b-f33e03694851.proj]
生成启动时间为 2022/8/29 20:52:54。
节点 1 上的项目“E:\学习\凯默训练营\GitHub\擦粗\Area-Calculator2.0\Compiler Helper\Help\Working\GenerateRefInfo-14e423a1-7af8-4b18-b01b-f33e03694851.proj”(默认目标)。
PrepareForBuild:
  正在创建目录“obj\Debug\”。
GenerateBindingRedirects:
  ResolveAssemblyReferences 中没有建议的绑定重定向。
GenerateRefInfo:
  Microsoft.Build (v17.3.0+f67e3d35edb936d1b2d4a00f74be446f5c4ba495)
  ? Microsoft Corporation. All rights reserved.
  No source code context base path specified.  Source context information is unavailable.
  Loaded 2 assemblies for reflection and 105 dependency assemblies.
  Wrote information on 2 namespaces, 7 types, and 24 members
  Merging duplicate type and member information
  Merged 0 duplicate type(s) and 0 duplicate member(s)
已完成生成项目“E:\学习\凯默训练营\GitHub\擦粗\Area-Calculator2.0\Compiler Helper\Help\Working\GenerateRefInfo-14e423a1-7af8-4b18-b01b-f33e03694851.proj”(默认目标)的操作。
    Last step completed in 00:00:00.9436
</buildStep>
<buildStep step="ApplyDocumentModel">
Applying document model to reflection output...
    Last step completed in 00:00:00.1529
</buildStep>
<buildStep step="AddApiTopicFilenames">
Adding topic filenames to API members...
    Last step completed in 00:00:00.2357
</buildStep>
<buildStep step="GenerateApiTopicManifest">
Generating API topic manifest...
    Last step completed in 00:00:00.1463
</buildStep>
<buildStep step="GenerateNamespaceSummaries">
Generating namespace summary information...
    Last step completed in 00:00:00.0703
</buildStep>
<buildStep step="CopyConceptualContent">
Copying conceptual content...
Checking for token files...
Checking for code snippets files...
Copying images and creating the media map file...
Generating conceptual topic files
    Parsing topic file &#39;E:\学习\凯默训练营\GitHub\擦粗\Area-Calculator2.0\Compiler Helper\Content\Welcome.aml&#39;
    E:\学习\凯默训练营\GitHub\擦粗\Area-Calculator2.0\Compiler Helper\Content\Welcome.aml -&gt; E:\学习\凯默训练营\GitHub\擦粗\Area-Calculator2.0\Compiler Helper\Help\Working\ddueXml\cdc48ed3-a402-476c-bf86-6faac938337d.xml
    Parsing topic file &#39;E:\学习\凯默训练营\GitHub\擦粗\Area-Calculator2.0\Compiler Helper\Content\VersionHistory\VersionHistory.aml&#39;
    E:\学习\凯默训练营\GitHub\擦粗\Area-Calculator2.0\Compiler Helper\Content\VersionHistory\VersionHistory.aml -&gt; E:\学习\凯默训练营\GitHub\擦粗\Area-Calculator2.0\Compiler Helper\Help\Working\ddueXml\ceb7cff2-c98e-4b41-afcf-e934bea9e80f.xml
    Parsing topic file &#39;E:\学习\凯默训练营\GitHub\擦粗\Area-Calculator2.0\Compiler Helper\Content\VersionHistory\v1.0.0.0.aml&#39;
    E:\学习\凯默训练营\GitHub\擦粗\Area-Calculator2.0\Compiler Helper\Content\VersionHistory\v1.0.0.0.aml -&gt; E:\学习\凯默训练营\GitHub\擦粗\Area-Calculator2.0\Compiler Helper\Help\Working\ddueXml\c06fe847-2330-4e0d-98ae-6bfea2373b0e.xml
    Last step completed in 00:00:00.0369
</buildStep>
<buildStep step="CreateConceptualTopicConfigs">
Creating conceptual topic configuration files...
    Companion files
    _ContentMetadata_.xml
    Merging topic IDs into reference topic manifest file
    Last step completed in 00:00:00.0798
</buildStep>
<buildStep step="CopyAdditionalContent">
Copying additional content files...
E:\学习\凯默训练营\GitHub\擦粗\Area-Calculator2.0\Compiler Helper\icons\Help.png -&gt; E:\学习\凯默训练营\GitHub\擦粗\Area-Calculator2.0\Compiler Helper\Help\Working\Output\HtmlHelp1\icons\Help.png
    Last step completed in 00:00:00.0110
</buildStep>
<buildStep step="MergeTablesOfContents">
Merging conceptual and additional tables of contents...
    Last step completed in 00:00:00.0031
</buildStep>
<buildStep step="GenerateIntermediateTableOfContents">
Generating intermediate table of contents file for API content...
Generating conceptual content intermediate TOC file...
    Last step completed in 00:00:00.0630
</buildStep>
<buildStep step="CreateBuildAssemblerConfigs">
Creating Sandcastle configuration files...
    Last step completed in 00:00:00.1615
</buildStep>
<buildStep step="CombiningIntermediateTocFiles">
Combining conceptual and API intermediate TOC files...
    Last step completed in 00:00:00.0131
</buildStep>
<buildStep step="MergeCustomConfigs">
Merging custom build component configurations
E:\学习\凯默训练营\GitHub\擦粗\Area-Calculator2.0\Compiler Helper\Help\Working\BuildAssembler.config
  Updating reference topic configurations.
  Updating conceptual topic configurations.
    Removing unused ExampleComponent.
    Last step completed in 00:00:00.0215
</buildStep>
<buildStep step="BuildTopics">
Building help topics...
Loading configuration...
Processing topics...
SHFB: Warning BE0066: ShowMissingComponent: [N:Area_Calculator] Missing &lt;summary&gt; documentation
SHFB: Warning BE0066: ShowMissingComponent: [T:Area_Calculator.AreaMathForm] Missing &lt;summary&gt; documentation
SHFB: Warning BE0066: ShowMissingComponent: [M:Area_Calculator.AreaMathForm.RecArea(System.Decimal,System.Decimal)] Missing &lt;summary&gt; documentation
SHFB: Warning BE0066: ShowMissingComponent: [M:Area_Calculator.AreaMathForm.RecArea(System.Decimal,System.Decimal)] Missing &lt;returns&gt; documentation
SHFB: Warning BE0066: ShowMissingComponent: [M:Area_Calculator.AreaMathForm.RecArea(System.Decimal,System.Decimal)] Missing &lt;param name=&quot;length&quot;/&gt; documentation
SHFB: Warning BE0066: ShowMissingComponent: [M:Area_Calculator.AreaMathForm.RecArea(System.Decimal,System.Decimal)] Missing &lt;param name=&quot;width&quot;/&gt; documentation
SHFB: Warning BE0066: ShowMissingComponent: [M:Area_Calculator.AreaMathForm.RoundArea(System.Decimal)] Missing &lt;summary&gt; documentation
SHFB: Warning BE0066: ShowMissingComponent: [M:Area_Calculator.AreaMathForm.RoundArea(System.Decimal)] Missing &lt;returns&gt; documentation
SHFB: Warning BE0066: ShowMissingComponent: [M:Area_Calculator.AreaMathForm.RoundArea(System.Decimal)] Missing &lt;param name=&quot;diam&quot;/&gt; documentation
SHFB: Warning BE0066: ShowMissingComponent: [M:Area_Calculator.AreaMathForm.SqureArea(System.Decimal)] Missing &lt;summary&gt; documentation
SHFB: Warning BE0066: ShowMissingComponent: [M:Area_Calculator.AreaMathForm.SqureArea(System.Decimal)] Missing &lt;returns&gt; documentation
SHFB: Warning BE0066: ShowMissingComponent: [M:Area_Calculator.AreaMathForm.SqureArea(System.Decimal)] Missing &lt;param name=&quot;length&quot;/&gt; documentation
SHFB: Warning BE0066: ShowMissingComponent: [M:Area_Calculator.AreaMathForm.TriArea(System.Decimal,System.Decimal)] Missing &lt;summary&gt; documentation
SHFB: Warning BE0066: ShowMissingComponent: [M:Area_Calculator.AreaMathForm.TriArea(System.Decimal,System.Decimal)] Missing &lt;returns&gt; documentation
SHFB: Warning BE0066: ShowMissingComponent: [M:Area_Calculator.AreaMathForm.TriArea(System.Decimal,System.Decimal)] Missing &lt;param name=&quot;width&quot;/&gt; documentation
SHFB: Warning BE0066: ShowMissingComponent: [M:Area_Calculator.AreaMathForm.TriArea(System.Decimal,System.Decimal)] Missing &lt;param name=&quot;height&quot;/&gt; documentation
SHFB: Warning BE0066: ShowMissingComponent: [T:Area_Calculator.begin] Missing &lt;summary&gt; documentation
SHFB: Warning BE0066: ShowMissingComponent: [T:Area_Calculator.Circular] Missing &lt;summary&gt; documentation
SHFB: Warning BE0066: ShowMissingComponent: [T:Area_Calculator.Rect] Missing &lt;summary&gt; documentation
SHFB: Warning BE0066: ShowMissingComponent: [T:Area_Calculator.Square] Missing &lt;summary&gt; documentation
SHFB: Warning BE0066: ShowMissingComponent: [T:Area_Calculator.Tri] Missing &lt;summary&gt; documentation
SHFB: Warning BE0066: ShowMissingComponent: [N:Area_Calculator.Tests] Missing &lt;summary&gt; documentation
SHFB: Warning BE0066: ShowMissingComponent: [T:Area_Calculator.Tests.AreaMathFormTests] Missing &lt;summary&gt; documentation
SHFB: Warning BE0066: ShowMissingComponent: [M:Area_Calculator.Tests.AreaMathFormTests.RecAreaTest] Missing &lt;summary&gt; documentation
SHFB: Warning BE0066: ShowMissingComponent: [M:Area_Calculator.Tests.AreaMathFormTests.RecAreaTestType] Missing &lt;summary&gt; documentation
SHFB: Warning BE0066: ShowMissingComponent: [M:Area_Calculator.Tests.AreaMathFormTests.RoundAreaTest] Missing &lt;summary&gt; documentation
SHFB: Warning BE0066: ShowMissingComponent: [M:Area_Calculator.Tests.AreaMathFormTests.RoundAreaTestType] Missing &lt;summary&gt; documentation
SHFB: Warning BE0066: ShowMissingComponent: [M:Area_Calculator.Tests.AreaMathFormTests.SqureAreaTest] Missing &lt;summary&gt; documentation
SHFB: Warning BE0066: ShowMissingComponent: [M:Area_Calculator.Tests.AreaMathFormTests.SqureAreaTestType] Missing &lt;summary&gt; documentation
SHFB: Warning BE0066: ShowMissingComponent: [M:Area_Calculator.Tests.AreaMathFormTests.TriAreaTest] Missing &lt;summary&gt; documentation
SHFB: Warning BE0066: ShowMissingComponent: [M:Area_Calculator.Tests.AreaMathFormTests.TriAreaTestType] Missing &lt;summary&gt; documentation
Processed 58 topic(s)
31 warning(s)
CopyFromIndexComponent: &quot;metadata&quot; in-memory cache entries used: 1 of 15.
ResolveArtLinksComponent: Copying media files...
CopyFromIndexComponent: &quot;reflection&quot; in-memory cache entries used: 2 of 15.
CopyFromIndexComponent: &quot;comments&quot; in-memory cache entries used: 1 of 30.
    Last step completed in 00:00:02.2296
</buildStep>
<buildStep step="ExtractingHtmlInfo">
Extracting HTML info for HTML Help 1 and/or website...
Using LCID &#39;1033&#39;, code page &#39;65001&#39;, encoding charset &#39;UTF-8&#39;.
Processing Help 1 files in E:\学习\凯默训练营\GitHub\擦粗\Area-Calculator2.0\Compiler Helper\Help\Working\Output\HtmlHelp1
Processed 58 HTML files.  Sorting keywords and generating See Also indices.
Saving HTML Help 1 keyword index to E:\学习\凯默训练营\GitHub\擦粗\Area-Calculator2.0\Compiler Helper\Help\Working\Output\HtmlHelp1\Compiler_Helper.hhk
Saving HTML Help 1 table of contents to E:\学习\凯默训练营\GitHub\擦粗\Area-Calculator2.0\Compiler Helper\Help\Working\Output\HtmlHelp1\Compiler_Helper.hhc
    Last step completed in 00:00:00.1040
</buildStep>
<buildStep step="CopyStandardHelpContent">
Copying standard help content...
E:\学习\凯默训练营\Sandcastle2\SHFB\Components\VS2013\icons\AlertCaution.png -&gt; E:\学习\凯默训练营\GitHub\擦粗\Area-Calculator2.0\Compiler Helper\Help\Working\Output\HtmlHelp1\icons\AlertCaution.png
E:\学习\凯默训练营\Sandcastle2\SHFB\Components\VS2013\icons\AlertNote.png -&gt; E:\学习\凯默训练营\GitHub\擦粗\Area-Calculator2.0\Compiler Helper\Help\Working\Output\HtmlHelp1\icons\AlertNote.png
E:\学习\凯默训练营\Sandcastle2\SHFB\Components\VS2013\icons\AlertSecurity.png -&gt; E:\学习\凯默训练营\GitHub\擦粗\Area-Calculator2.0\Compiler Helper\Help\Working\Output\HtmlHelp1\icons\AlertSecurity.png
E:\学习\凯默训练营\Sandcastle2\SHFB\Components\VS2013\icons\CodeExample.png -&gt; E:\学习\凯默训练营\GitHub\擦粗\Area-Calculator2.0\Compiler Helper\Help\Working\Output\HtmlHelp1\icons\CodeExample.png
E:\学习\凯默训练营\Sandcastle2\SHFB\Components\VS2013\icons\favicon.ico -&gt; E:\学习\凯默训练营\GitHub\擦粗\Area-Calculator2.0\Compiler Helper\Help\Working\Output\HtmlHelp1\icons\favicon.ico
E:\学习\凯默训练营\Sandcastle2\SHFB\Components\VS2013\icons\privClass.gif -&gt; E:\学习\凯默训练营\GitHub\擦粗\Area-Calculator2.0\Compiler Helper\Help\Working\Output\HtmlHelp1\icons\privClass.gif
E:\学习\凯默训练营\Sandcastle2\SHFB\Components\VS2013\icons\privDelegate.gif -&gt; E:\学习\凯默训练营\GitHub\擦粗\Area-Calculator2.0\Compiler Helper\Help\Working\Output\HtmlHelp1\icons\privDelegate.gif
E:\学习\凯默训练营\Sandcastle2\SHFB\Components\VS2013\icons\privEnumeration.gif -&gt; E:\学习\凯默训练营\GitHub\擦粗\Area-Calculator2.0\Compiler Helper\Help\Working\Output\HtmlHelp1\icons\privEnumeration.gif
E:\学习\凯默训练营\Sandcastle2\SHFB\Components\VS2013\icons\privEvent.gif -&gt; E:\学习\凯默训练营\GitHub\擦粗\Area-Calculator2.0\Compiler Helper\Help\Working\Output\HtmlHelp1\icons\privEvent.gif
E:\学习\凯默训练营\Sandcastle2\SHFB\Components\VS2013\icons\privExtension.gif -&gt; E:\学习\凯默训练营\GitHub\擦粗\Area-Calculator2.0\Compiler Helper\Help\Working\Output\HtmlHelp1\icons\privExtension.gif
E:\学习\凯默训练营\Sandcastle2\SHFB\Components\VS2013\icons\privField.gif -&gt; E:\学习\凯默训练营\GitHub\擦粗\Area-Calculator2.0\Compiler Helper\Help\Working\Output\HtmlHelp1\icons\privField.gif
E:\学习\凯默训练营\Sandcastle2\SHFB\Components\VS2013\icons\privInterface.gif -&gt; E:\学习\凯默训练营\GitHub\擦粗\Area-Calculator2.0\Compiler Helper\Help\Working\Output\HtmlHelp1\icons\privInterface.gif
E:\学习\凯默训练营\Sandcastle2\SHFB\Components\VS2013\icons\privMethod.gif -&gt; E:\学习\凯默训练营\GitHub\擦粗\Area-Calculator2.0\Compiler Helper\Help\Working\Output\HtmlHelp1\icons\privMethod.gif
E:\学习\凯默训练营\Sandcastle2\SHFB\Components\VS2013\icons\privProperty.gif -&gt; E:\学习\凯默训练营\GitHub\擦粗\Area-Calculator2.0\Compiler Helper\Help\Working\Output\HtmlHelp1\icons\privProperty.gif
E:\学习\凯默训练营\Sandcastle2\SHFB\Components\VS2013\icons\privStructure.gif -&gt; E:\学习\凯默训练营\GitHub\擦粗\Area-Calculator2.0\Compiler Helper\Help\Working\Output\HtmlHelp1\icons\privStructure.gif
E:\学习\凯默训练营\Sandcastle2\SHFB\Components\VS2013\icons\protClass.gif -&gt; E:\学习\凯默训练营\GitHub\擦粗\Area-Calculator2.0\Compiler Helper\Help\Working\Output\HtmlHelp1\icons\protClass.gif
E:\学习\凯默训练营\Sandcastle2\SHFB\Components\VS2013\icons\protDelegate.gif -&gt; E:\学习\凯默训练营\GitHub\擦粗\Area-Calculator2.0\Compiler Helper\Help\Working\Output\HtmlHelp1\icons\protDelegate.gif
E:\学习\凯默训练营\Sandcastle2\SHFB\Components\VS2013\icons\protEnumeration.gif -&gt; E:\学习\凯默训练营\GitHub\擦粗\Area-Calculator2.0\Compiler Helper\Help\Working\Output\HtmlHelp1\icons\protEnumeration.gif
E:\学习\凯默训练营\Sandcastle2\SHFB\Components\VS2013\icons\protEvent.gif -&gt; E:\学习\凯默训练营\GitHub\擦粗\Area-Calculator2.0\Compiler Helper\Help\Working\Output\HtmlHelp1\icons\protEvent.gif
E:\学习\凯默训练营\Sandcastle2\SHFB\Components\VS2013\icons\protExtension.gif -&gt; E:\学习\凯默训练营\GitHub\擦粗\Area-Calculator2.0\Compiler Helper\Help\Working\Output\HtmlHelp1\icons\protExtension.gif
E:\学习\凯默训练营\Sandcastle2\SHFB\Components\VS2013\icons\protField.gif -&gt; E:\学习\凯默训练营\GitHub\擦粗\Area-Calculator2.0\Compiler Helper\Help\Working\Output\HtmlHelp1\icons\protField.gif
E:\学习\凯默训练营\Sandcastle2\SHFB\Components\VS2013\icons\protInterface.gif -&gt; E:\学习\凯默训练营\GitHub\擦粗\Area-Calculator2.0\Compiler Helper\Help\Working\Output\HtmlHelp1\icons\protInterface.gif
E:\学习\凯默训练营\Sandcastle2\SHFB\Components\VS2013\icons\protMethod.gif -&gt; E:\学习\凯默训练营\GitHub\擦粗\Area-Calculator2.0\Compiler Helper\Help\Working\Output\HtmlHelp1\icons\protMethod.gif
E:\学习\凯默训练营\Sandcastle2\SHFB\Components\VS2013\icons\protOperator.gif -&gt; E:\学习\凯默训练营\GitHub\擦粗\Area-Calculator2.0\Compiler Helper\Help\Working\Output\HtmlHelp1\icons\protOperator.gif
E:\学习\凯默训练营\Sandcastle2\SHFB\Components\VS2013\icons\protProperty.gif -&gt; E:\学习\凯默训练营\GitHub\擦粗\Area-Calculator2.0\Compiler Helper\Help\Working\Output\HtmlHelp1\icons\protProperty.gif
E:\学习\凯默训练营\Sandcastle2\SHFB\Components\VS2013\icons\protStructure.gif -&gt; E:\学习\凯默训练营\GitHub\擦粗\Area-Calculator2.0\Compiler Helper\Help\Working\Output\HtmlHelp1\icons\protStructure.gif
E:\学习\凯默训练营\Sandcastle2\SHFB\Components\VS2013\icons\pubClass.gif -&gt; E:\学习\凯默训练营\GitHub\擦粗\Area-Calculator2.0\Compiler Helper\Help\Working\Output\HtmlHelp1\icons\pubClass.gif
E:\学习\凯默训练营\Sandcastle2\SHFB\Components\VS2013\icons\pubDelegate.gif -&gt; E:\学习\凯默训练营\GitHub\擦粗\Area-Calculator2.0\Compiler Helper\Help\Working\Output\HtmlHelp1\icons\pubDelegate.gif
E:\学习\凯默训练营\Sandcastle2\SHFB\Components\VS2013\icons\pubEnumeration.gif -&gt; E:\学习\凯默训练营\GitHub\擦粗\Area-Calculator2.0\Compiler Helper\Help\Working\Output\HtmlHelp1\icons\pubEnumeration.gif
E:\学习\凯默训练营\Sandcastle2\SHFB\Components\VS2013\icons\pubEvent.gif -&gt; E:\学习\凯默训练营\GitHub\擦粗\Area-Calculator2.0\Compiler Helper\Help\Working\Output\HtmlHelp1\icons\pubEvent.gif
E:\学习\凯默训练营\Sandcastle2\SHFB\Components\VS2013\icons\pubExtension.gif -&gt; E:\学习\凯默训练营\GitHub\擦粗\Area-Calculator2.0\Compiler Helper\Help\Working\Output\HtmlHelp1\icons\pubExtension.gif
E:\学习\凯默训练营\Sandcastle2\SHFB\Components\VS2013\icons\pubField.gif -&gt; E:\学习\凯默训练营\GitHub\擦粗\Area-Calculator2.0\Compiler Helper\Help\Working\Output\HtmlHelp1\icons\pubField.gif
E:\学习\凯默训练营\Sandcastle2\SHFB\Components\VS2013\icons\pubInterface.gif -&gt; E:\学习\凯默训练营\GitHub\擦粗\Area-Calculator2.0\Compiler Helper\Help\Working\Output\HtmlHelp1\icons\pubInterface.gif
E:\学习\凯默训练营\Sandcastle2\SHFB\Components\VS2013\icons\pubMethod.gif -&gt; E:\学习\凯默训练营\GitHub\擦粗\Area-Calculator2.0\Compiler Helper\Help\Working\Output\HtmlHelp1\icons\pubMethod.gif
E:\学习\凯默训练营\Sandcastle2\SHFB\Components\VS2013\icons\pubOperator.gif -&gt; E:\学习\凯默训练营\GitHub\擦粗\Area-Calculator2.0\Compiler Helper\Help\Working\Output\HtmlHelp1\icons\pubOperator.gif
E:\学习\凯默训练营\Sandcastle2\SHFB\Components\VS2013\icons\pubProperty.gif -&gt; E:\学习\凯默训练营\GitHub\擦粗\Area-Calculator2.0\Compiler Helper\Help\Working\Output\HtmlHelp1\icons\pubProperty.gif
E:\学习\凯默训练营\Sandcastle2\SHFB\Components\VS2013\icons\pubStructure.gif -&gt; E:\学习\凯默训练营\GitHub\擦粗\Area-Calculator2.0\Compiler Helper\Help\Working\Output\HtmlHelp1\icons\pubStructure.gif
E:\学习\凯默训练营\Sandcastle2\SHFB\Components\VS2013\icons\SectionCollapsed.png -&gt; E:\学习\凯默训练营\GitHub\擦粗\Area-Calculator2.0\Compiler Helper\Help\Working\Output\HtmlHelp1\icons\SectionCollapsed.png
E:\学习\凯默训练营\Sandcastle2\SHFB\Components\VS2013\icons\SectionExpanded.png -&gt; E:\学习\凯默训练营\GitHub\擦粗\Area-Calculator2.0\Compiler Helper\Help\Working\Output\HtmlHelp1\icons\SectionExpanded.png
E:\学习\凯默训练营\Sandcastle2\SHFB\Components\VS2013\icons\Static.gif -&gt; E:\学习\凯默训练营\GitHub\擦粗\Area-Calculator2.0\Compiler Helper\Help\Working\Output\HtmlHelp1\icons\Static.gif
E:\学习\凯默训练营\Sandcastle2\SHFB\Components\VS2013\scripts\branding.js -&gt; E:\学习\凯默训练营\GitHub\擦粗\Area-Calculator2.0\Compiler Helper\Help\Working\Output\HtmlHelp1\scripts\branding.js
E:\学习\凯默训练营\Sandcastle2\SHFB\Components\VS2013\styles\branding-cs-CZ.css -&gt; E:\学习\凯默训练营\GitHub\擦粗\Area-Calculator2.0\Compiler Helper\Help\Working\Output\HtmlHelp1\styles\branding-cs-CZ.css
E:\学习\凯默训练营\Sandcastle2\SHFB\Components\VS2013\styles\branding-de-DE.css -&gt; E:\学习\凯默训练营\GitHub\擦粗\Area-Calculator2.0\Compiler Helper\Help\Working\Output\HtmlHelp1\styles\branding-de-DE.css
E:\学习\凯默训练营\Sandcastle2\SHFB\Components\VS2013\styles\branding-en-US.css -&gt; E:\学习\凯默训练营\GitHub\擦粗\Area-Calculator2.0\Compiler Helper\Help\Working\Output\HtmlHelp1\styles\branding-en-US.css
E:\学习\凯默训练营\Sandcastle2\SHFB\Components\VS2013\styles\branding-es-ES.css -&gt; E:\学习\凯默训练营\GitHub\擦粗\Area-Calculator2.0\Compiler Helper\Help\Working\Output\HtmlHelp1\styles\branding-es-ES.css
E:\学习\凯默训练营\Sandcastle2\SHFB\Components\VS2013\styles\branding-fr-FR.css -&gt; E:\学习\凯默训练营\GitHub\擦粗\Area-Calculator2.0\Compiler Helper\Help\Working\Output\HtmlHelp1\styles\branding-fr-FR.css
E:\学习\凯默训练营\Sandcastle2\SHFB\Components\VS2013\styles\branding-Help1.css -&gt; E:\学习\凯默训练营\GitHub\擦粗\Area-Calculator2.0\Compiler Helper\Help\Working\Output\HtmlHelp1\styles\branding-Help1.css
E:\学习\凯默训练营\Sandcastle2\SHFB\Components\VS2013\styles\branding-HelpViewer.css -&gt; E:\学习\凯默训练营\GitHub\擦粗\Area-Calculator2.0\Compiler Helper\Help\Working\Output\HtmlHelp1\styles\branding-HelpViewer.css
E:\学习\凯默训练营\Sandcastle2\SHFB\Components\VS2013\styles\branding-it-IT.css -&gt; E:\学习\凯默训练营\GitHub\擦粗\Area-Calculator2.0\Compiler Helper\Help\Working\Output\HtmlHelp1\styles\branding-it-IT.css
E:\学习\凯默训练营\Sandcastle2\SHFB\Components\VS2013\styles\branding-ja-JP.css -&gt; E:\学习\凯默训练营\GitHub\擦粗\Area-Calculator2.0\Compiler Helper\Help\Working\Output\HtmlHelp1\styles\branding-ja-JP.css
E:\学习\凯默训练营\Sandcastle2\SHFB\Components\VS2013\styles\branding-ko-KR.css -&gt; E:\学习\凯默训练营\GitHub\擦粗\Area-Calculator2.0\Compiler Helper\Help\Working\Output\HtmlHelp1\styles\branding-ko-KR.css
E:\学习\凯默训练营\Sandcastle2\SHFB\Components\VS2013\styles\branding-pl-PL.css -&gt; E:\学习\凯默训练营\GitHub\擦粗\Area-Calculator2.0\Compiler Helper\Help\Working\Output\HtmlHelp1\styles\branding-pl-PL.css
E:\学习\凯默训练营\Sandcastle2\SHFB\Components\VS2013\styles\branding-pt-BR.css -&gt; E:\学习\凯默训练营\GitHub\擦粗\Area-Calculator2.0\Compiler Helper\Help\Working\Output\HtmlHelp1\styles\branding-pt-BR.css
E:\学习\凯默训练营\Sandcastle2\SHFB\Components\VS2013\styles\branding-ru-RU.css -&gt; E:\学习\凯默训练营\GitHub\擦粗\Area-Calculator2.0\Compiler Helper\Help\Working\Output\HtmlHelp1\styles\branding-ru-RU.css
E:\学习\凯默训练营\Sandcastle2\SHFB\Components\VS2013\styles\branding-tr-TR.css -&gt; E:\学习\凯默训练营\GitHub\擦粗\Area-Calculator2.0\Compiler Helper\Help\Working\Output\HtmlHelp1\styles\branding-tr-TR.css
E:\学习\凯默训练营\Sandcastle2\SHFB\Components\VS2013\styles\branding-Website.css -&gt; E:\学习\凯默训练营\GitHub\擦粗\Area-Calculator2.0\Compiler Helper\Help\Working\Output\HtmlHelp1\styles\branding-Website.css
E:\学习\凯默训练营\Sandcastle2\SHFB\Components\VS2013\styles\branding-zh-CN.css -&gt; E:\学习\凯默训练营\GitHub\擦粗\Area-Calculator2.0\Compiler Helper\Help\Working\Output\HtmlHelp1\styles\branding-zh-CN.css
E:\学习\凯默训练营\Sandcastle2\SHFB\Components\VS2013\styles\branding-zh-TW.css -&gt; E:\学习\凯默训练营\GitHub\擦粗\Area-Calculator2.0\Compiler Helper\Help\Working\Output\HtmlHelp1\styles\branding-zh-TW.css
E:\学习\凯默训练营\Sandcastle2\SHFB\Components\VS2013\styles\branding.css -&gt; E:\学习\凯默训练营\GitHub\擦粗\Area-Calculator2.0\Compiler Helper\Help\Working\Output\HtmlHelp1\styles\branding.css
    Last step completed in 00:00:00.2620
</buildStep>
<buildStep step="GenerateHelpProject">
Generating HTML Help 1 project file...
    Last step completed in 00:00:00.0050
</buildStep>
<buildStep step="CompilingHelpFile">
Compiling HTML Help 1 file...
[E:\Microsoft Visual Studio\2022\Community\MSBuild\Current\Bin\amd64\MSBuild.exe - Build1xHelpFile.proj]
  Microsoft HTML Help Compiler 4.74.8702
  
  
  
  Compiling e:\学习\凯默训练营\GitHub\擦粗\Area-Calculator2.0\Compiler Helper\Help\Working\Output\HtmlHelp1\Compiler_Helper.chm
  
  
  
  
  
  Compile time: 0 minutes, 0 seconds
  
  60	Topics
  
  510	Local links
  
  0	Internet links
  
  0	Graphics
  
  
  
  
  
  Created e:\学习\凯默训练营\GitHub\擦粗\Area-Calculator2.0\Compiler Helper\Help\Working\Output\HtmlHelp1\Compiler_Helper.chm, 258,059 bytes
  
  Compression decreased file by 2,460,983 bytes.
  
    Last step completed in 00:00:01.2695
</buildStep>
<buildStep step="CleanIntermediates">
Removing intermediate files...
    Last step completed in 00:00:00.0614
</buildStep>
<buildStep step="Completed">

Build completed successfully at 2022/8/29 20:53:00.  Total time: 00:00:06.6115

</buildStep>
</shfbBuild>
